{"total": {"lines":{"total":955,"covered":35,"skipped":0,"pct":3.66},"statements":{"total":1008,"covered":35,"skipped":0,"pct":3.47},"functions":{"total":291,"covered":1,"skipped":0,"pct":0.34},"branches":{"total":274,"covered":0,"skipped":0,"pct":0}}
,"/home/tiagobw/Projetos-Trybe/sd-06-project-recipes-app/src/App.js": {"lines":{"total":1,"covered":1,"skipped":0,"pct":100},"functions":{"total":1,"covered":1,"skipped":0,"pct":100},"statements":{"total":1,"covered":1,"skipped":0,"pct":100},"branches":{"total":0,"covered":0,"skipped":0,"pct":100}}
,"/home/tiagobw/Projetos-Trybe/sd-06-project-recipes-app/src/components/DrinkCard.js": {"lines":{"total":25,"covered":1,"skipped":0,"pct":4},"functions":{"total":10,"covered":0,"skipped":0,"pct":0},"statements":{"total":26,"covered":1,"skipped":0,"pct":3.85},"branches":{"total":2,"covered":0,"skipped":0,"pct":0}}
,"/home/tiagobw/Projetos-Trybe/sd-06-project-recipes-app/src/components/FavDrinkCard.js": {"lines":{"total":62,"covered":1,"skipped":0,"pct":1.61},"functions":{"total":19,"covered":0,"skipped":0,"pct":0},"statements":{"total":66,"covered":1,"skipped":0,"pct":1.52},"branches":{"total":16,"covered":0,"skipped":0,"pct":0}}
,"/home/tiagobw/Projetos-Trybe/sd-06-project-recipes-app/src/components/FavFoodCard.js": {"lines":{"total":71,"covered":1,"skipped":0,"pct":1.41},"functions":{"total":20,"covered":0,"skipped":0,"pct":0},"statements":{"total":75,"covered":1,"skipped":0,"pct":1.33},"branches":{"total":16,"covered":0,"skipped":0,"pct":0}}
,"/home/tiagobw/Projetos-Trybe/sd-06-project-recipes-app/src/components/FoodCard.js": {"lines":{"total":25,"covered":1,"skipped":0,"pct":4},"functions":{"total":10,"covered":0,"skipped":0,"pct":0},"statements":{"total":26,"covered":1,"skipped":0,"pct":3.85},"branches":{"total":4,"covered":0,"skipped":0,"pct":0}}
,"/home/tiagobw/Projetos-Trybe/sd-06-project-recipes-app/src/components/Footer.js": {"lines":{"total":6,"covered":1,"skipped":0,"pct":16.67},"functions":{"total":4,"covered":0,"skipped":0,"pct":0},"statements":{"total":6,"covered":1,"skipped":0,"pct":16.67},"branches":{"total":0,"covered":0,"skipped":0,"pct":100}}
,"/home/tiagobw/Projetos-Trybe/sd-06-project-recipes-app/src/components/Header.js": {"lines":{"total":36,"covered":1,"skipped":0,"pct":2.78},"functions":{"total":6,"covered":0,"skipped":0,"pct":0},"statements":{"total":36,"covered":1,"skipped":0,"pct":2.78},"branches":{"total":35,"covered":0,"skipped":0,"pct":0}}
,"/home/tiagobw/Projetos-Trybe/sd-06-project-recipes-app/src/components/SearchInput.js": {"lines":{"total":40,"covered":2,"skipped":0,"pct":5},"functions":{"total":13,"covered":0,"skipped":0,"pct":0},"statements":{"total":43,"covered":2,"skipped":0,"pct":4.65},"branches":{"total":28,"covered":0,"skipped":0,"pct":0}}
,"/home/tiagobw/Projetos-Trybe/sd-06-project-recipes-app/src/pages/DoneRecipes.js": {"lines":{"total":14,"covered":1,"skipped":0,"pct":7.14},"functions":{"total":6,"covered":0,"skipped":0,"pct":0},"statements":{"total":15,"covered":1,"skipped":0,"pct":6.67},"branches":{"total":8,"covered":0,"skipped":0,"pct":0}}
,"/home/tiagobw/Projetos-Trybe/sd-06-project-recipes-app/src/pages/Drink.js": {"lines":{"total":26,"covered":2,"skipped":0,"pct":7.69},"functions":{"total":11,"covered":0,"skipped":0,"pct":0},"statements":{"total":27,"covered":2,"skipped":0,"pct":7.41},"branches":{"total":6,"covered":0,"skipped":0,"pct":0}}
,"/home/tiagobw/Projetos-Trybe/sd-06-project-recipes-app/src/pages/DrinksDetails.js": {"lines":{"total":112,"covered":3,"skipped":0,"pct":2.68},"functions":{"total":36,"covered":0,"skipped":0,"pct":0},"statements":{"total":124,"covered":3,"skipped":0,"pct":2.42},"branches":{"total":26,"covered":0,"skipped":0,"pct":0}}
,"/home/tiagobw/Projetos-Trybe/sd-06-project-recipes-app/src/pages/DrinksRecipesInProgress.js": {"lines":{"total":144,"covered":2,"skipped":0,"pct":1.39},"functions":{"total":35,"covered":0,"skipped":0,"pct":0},"statements":{"total":149,"covered":2,"skipped":0,"pct":1.34},"branches":{"total":38,"covered":0,"skipped":0,"pct":0}}
,"/home/tiagobw/Projetos-Trybe/sd-06-project-recipes-app/src/pages/Explore.js": {"lines":{"total":5,"covered":1,"skipped":0,"pct":20},"functions":{"total":3,"covered":0,"skipped":0,"pct":0},"statements":{"total":5,"covered":1,"skipped":0,"pct":20},"branches":{"total":0,"covered":0,"skipped":0,"pct":100}}
,"/home/tiagobw/Projetos-Trybe/sd-06-project-recipes-app/src/pages/ExploreDrinks.js": {"lines":{"total":11,"covered":1,"skipped":0,"pct":9.09},"functions":{"total":5,"covered":0,"skipped":0,"pct":0},"statements":{"total":11,"covered":1,"skipped":0,"pct":9.09},"branches":{"total":0,"covered":0,"skipped":0,"pct":100}}
,"/home/tiagobw/Projetos-Trybe/sd-06-project-recipes-app/src/pages/ExploreDrinksByIngredient.js": {"lines":{"total":3,"covered":1,"skipped":0,"pct":33.33},"functions":{"total":1,"covered":0,"skipped":0,"pct":0},"statements":{"total":3,"covered":1,"skipped":0,"pct":33.33},"branches":{"total":0,"covered":0,"skipped":0,"pct":100}}
,"/home/tiagobw/Projetos-Trybe/sd-06-project-recipes-app/src/pages/ExploreFoods.js": {"lines":{"total":12,"covered":1,"skipped":0,"pct":8.33},"functions":{"total":6,"covered":0,"skipped":0,"pct":0},"statements":{"total":12,"covered":1,"skipped":0,"pct":8.33},"branches":{"total":0,"covered":0,"skipped":0,"pct":100}}
,"/home/tiagobw/Projetos-Trybe/sd-06-project-recipes-app/src/pages/ExploreFoodsByArea.js": {"lines":{"total":3,"covered":1,"skipped":0,"pct":33.33},"functions":{"total":1,"covered":0,"skipped":0,"pct":0},"statements":{"total":3,"covered":1,"skipped":0,"pct":33.33},"branches":{"total":0,"covered":0,"skipped":0,"pct":100}}
,"/home/tiagobw/Projetos-Trybe/sd-06-project-recipes-app/src/pages/ExploreFoodsByIngredient.js": {"lines":{"total":3,"covered":1,"skipped":0,"pct":33.33},"functions":{"total":1,"covered":0,"skipped":0,"pct":0},"statements":{"total":3,"covered":1,"skipped":0,"pct":33.33},"branches":{"total":0,"covered":0,"skipped":0,"pct":100}}
,"/home/tiagobw/Projetos-Trybe/sd-06-project-recipes-app/src/pages/FavoriteRecipes.js": {"lines":{"total":14,"covered":1,"skipped":0,"pct":7.14},"functions":{"total":6,"covered":0,"skipped":0,"pct":0},"statements":{"total":15,"covered":1,"skipped":0,"pct":6.67},"branches":{"total":8,"covered":0,"skipped":0,"pct":0}}
,"/home/tiagobw/Projetos-Trybe/sd-06-project-recipes-app/src/pages/Foods.js": {"lines":{"total":27,"covered":2,"skipped":0,"pct":7.41},"functions":{"total":11,"covered":0,"skipped":0,"pct":0},"statements":{"total":28,"covered":2,"skipped":0,"pct":7.14},"branches":{"total":8,"covered":0,"skipped":0,"pct":0}}
,"/home/tiagobw/Projetos-Trybe/sd-06-project-recipes-app/src/pages/FoodsDetails.js": {"lines":{"total":111,"covered":3,"skipped":0,"pct":2.7},"functions":{"total":36,"covered":0,"skipped":0,"pct":0},"statements":{"total":123,"covered":3,"skipped":0,"pct":2.44},"branches":{"total":24,"covered":0,"skipped":0,"pct":0}}
,"/home/tiagobw/Projetos-Trybe/sd-06-project-recipes-app/src/pages/FoodsRecipesInProgress.js": {"lines":{"total":150,"covered":2,"skipped":0,"pct":1.33},"functions":{"total":35,"covered":0,"skipped":0,"pct":0},"statements":{"total":155,"covered":2,"skipped":0,"pct":1.29},"branches":{"total":38,"covered":0,"skipped":0,"pct":0}}
,"/home/tiagobw/Projetos-Trybe/sd-06-project-recipes-app/src/pages/Login.js": {"lines":{"total":31,"covered":2,"skipped":0,"pct":6.45},"functions":{"total":7,"covered":0,"skipped":0,"pct":0},"statements":{"total":32,"covered":2,"skipped":0,"pct":6.25},"branches":{"total":6,"covered":0,"skipped":0,"pct":0}}
,"/home/tiagobw/Projetos-Trybe/sd-06-project-recipes-app/src/pages/Profile.js": {"lines":{"total":12,"covered":2,"skipped":0,"pct":16.67},"functions":{"total":6,"covered":0,"skipped":0,"pct":0},"statements":{"total":13,"covered":2,"skipped":0,"pct":15.38},"branches":{"total":2,"covered":0,"skipped":0,"pct":0}}
,"/home/tiagobw/Projetos-Trybe/sd-06-project-recipes-app/src/reducers/menu.js": {"lines":{"total":7,"covered":0,"skipped":0,"pct":0},"functions":{"total":1,"covered":0,"skipped":0,"pct":0},"statements":{"total":7,"covered":0,"skipped":0,"pct":0},"branches":{"total":6,"covered":0,"skipped":0,"pct":0}}
,"/home/tiagobw/Projetos-Trybe/sd-06-project-recipes-app/src/reducers/user.js": {"lines":{"total":4,"covered":0,"skipped":0,"pct":0},"functions":{"total":1,"covered":0,"skipped":0,"pct":0},"statements":{"total":4,"covered":0,"skipped":0,"pct":0},"branches":{"total":3,"covered":0,"skipped":0,"pct":0}}
}
