{"total": {"lines":{"total":967,"covered":248,"skipped":0,"pct":25.65},"statements":{"total":1022,"covered":257,"skipped":0,"pct":25.15},"functions":{"total":292,"covered":77,"skipped":0,"pct":26.37},"branches":{"total":284,"covered":76,"skipped":0,"pct":26.76}}
,"/home/tiagobw/Projetos-Trybe/sd-06-project-recipes-app/src/App.js": {"lines":{"total":1,"covered":1,"skipped":0,"pct":100},"functions":{"total":1,"covered":1,"skipped":0,"pct":100},"statements":{"total":1,"covered":1,"skipped":0,"pct":100},"branches":{"total":0,"covered":0,"skipped":0,"pct":100}}
,"/home/tiagobw/Projetos-Trybe/sd-06-project-recipes-app/src/components/DrinkCard.js": {"lines":{"total":25,"covered":10,"skipped":0,"pct":40},"functions":{"total":10,"covered":3,"skipped":0,"pct":30},"statements":{"total":26,"covered":10,"skipped":0,"pct":38.46},"branches":{"total":2,"covered":1,"skipped":0,"pct":50}}
,"/home/tiagobw/Projetos-Trybe/sd-06-project-recipes-app/src/components/FavDrinkCard.js": {"lines":{"total":62,"covered":10,"skipped":0,"pct":16.13},"functions":{"total":19,"covered":3,"skipped":0,"pct":15.79},"statements":{"total":66,"covered":10,"skipped":0,"pct":15.15},"branches":{"total":16,"covered":1,"skipped":0,"pct":6.25}}
,"/home/tiagobw/Projetos-Trybe/sd-06-project-recipes-app/src/components/FavFoodCard.js": {"lines":{"total":71,"covered":10,"skipped":0,"pct":14.08},"functions":{"total":20,"covered":3,"skipped":0,"pct":15},"statements":{"total":75,"covered":10,"skipped":0,"pct":13.33},"branches":{"total":16,"covered":1,"skipped":0,"pct":6.25}}
,"/home/tiagobw/Projetos-Trybe/sd-06-project-recipes-app/src/components/FoodCard.js": {"lines":{"total":25,"covered":10,"skipped":0,"pct":40},"functions":{"total":10,"covered":3,"skipped":0,"pct":30},"statements":{"total":26,"covered":10,"skipped":0,"pct":38.46},"branches":{"total":4,"covered":1,"skipped":0,"pct":25}}
,"/home/tiagobw/Projetos-Trybe/sd-06-project-recipes-app/src/components/Footer.js": {"lines":{"total":6,"covered":6,"skipped":0,"pct":100},"functions":{"total":4,"covered":4,"skipped":0,"pct":100},"statements":{"total":6,"covered":6,"skipped":0,"pct":100},"branches":{"total":0,"covered":0,"skipped":0,"pct":100}}
,"/home/tiagobw/Projetos-Trybe/sd-06-project-recipes-app/src/components/Header.js": {"lines":{"total":35,"covered":29,"skipped":0,"pct":82.86},"functions":{"total":6,"covered":6,"skipped":0,"pct":100},"statements":{"total":35,"covered":29,"skipped":0,"pct":82.86},"branches":{"total":35,"covered":29,"skipped":0,"pct":82.86}}
,"/home/tiagobw/Projetos-Trybe/sd-06-project-recipes-app/src/components/SearchInput.js": {"lines":{"total":40,"covered":24,"skipped":0,"pct":60},"functions":{"total":13,"covered":9,"skipped":0,"pct":69.23},"statements":{"total":43,"covered":25,"skipped":0,"pct":58.14},"branches":{"total":28,"covered":13,"skipped":0,"pct":46.43}}
,"/home/tiagobw/Projetos-Trybe/sd-06-project-recipes-app/src/pages/DoneRecipes.js": {"lines":{"total":20,"covered":16,"skipped":0,"pct":80},"functions":{"total":6,"covered":3,"skipped":0,"pct":50},"statements":{"total":21,"covered":16,"skipped":0,"pct":76.19},"branches":{"total":10,"covered":5,"skipped":0,"pct":50}}
,"/home/tiagobw/Projetos-Trybe/sd-06-project-recipes-app/src/pages/Drink.js": {"lines":{"total":39,"covered":13,"skipped":0,"pct":33.33},"functions":{"total":17,"covered":5,"skipped":0,"pct":29.41},"statements":{"total":41,"covered":15,"skipped":0,"pct":36.59},"branches":{"total":10,"covered":3,"skipped":0,"pct":30}}
,"/home/tiagobw/Projetos-Trybe/sd-06-project-recipes-app/src/pages/DrinksDetails.js": {"lines":{"total":112,"covered":3,"skipped":0,"pct":2.68},"functions":{"total":36,"covered":0,"skipped":0,"pct":0},"statements":{"total":124,"covered":3,"skipped":0,"pct":2.42},"branches":{"total":26,"covered":0,"skipped":0,"pct":0}}
,"/home/tiagobw/Projetos-Trybe/sd-06-project-recipes-app/src/pages/DrinksRecipesInProgress.js": {"lines":{"total":144,"covered":2,"skipped":0,"pct":1.39},"functions":{"total":35,"covered":0,"skipped":0,"pct":0},"statements":{"total":149,"covered":2,"skipped":0,"pct":1.34},"branches":{"total":38,"covered":0,"skipped":0,"pct":0}}
,"/home/tiagobw/Projetos-Trybe/sd-06-project-recipes-app/src/pages/Explore.js": {"lines":{"total":5,"covered":3,"skipped":0,"pct":60},"functions":{"total":3,"covered":1,"skipped":0,"pct":33.33},"statements":{"total":5,"covered":3,"skipped":0,"pct":60},"branches":{"total":0,"covered":0,"skipped":0,"pct":100}}
,"/home/tiagobw/Projetos-Trybe/sd-06-project-recipes-app/src/pages/ExploreDrinks.js": {"lines":{"total":1,"covered":0,"skipped":0,"pct":0},"functions":{"total":1,"covered":0,"skipped":0,"pct":0},"statements":{"total":1,"covered":0,"skipped":0,"pct":0},"branches":{"total":0,"covered":0,"skipped":0,"pct":100}}
,"/home/tiagobw/Projetos-Trybe/sd-06-project-recipes-app/src/pages/ExploreFoods.js": {"lines":{"total":1,"covered":0,"skipped":0,"pct":0},"functions":{"total":1,"covered":0,"skipped":0,"pct":0},"statements":{"total":1,"covered":0,"skipped":0,"pct":0},"branches":{"total":0,"covered":0,"skipped":0,"pct":100}}
,"/home/tiagobw/Projetos-Trybe/sd-06-project-recipes-app/src/pages/FavoriteRecipes.js": {"lines":{"total":20,"covered":16,"skipped":0,"pct":80},"functions":{"total":6,"covered":3,"skipped":0,"pct":50},"statements":{"total":21,"covered":16,"skipped":0,"pct":76.19},"branches":{"total":10,"covered":5,"skipped":0,"pct":50}}
,"/home/tiagobw/Projetos-Trybe/sd-06-project-recipes-app/src/pages/Foods.js": {"lines":{"total":41,"covered":24,"skipped":0,"pct":58.54},"functions":{"total":17,"covered":11,"skipped":0,"pct":64.71},"statements":{"total":43,"covered":26,"skipped":0,"pct":60.47},"branches":{"total":10,"covered":5,"skipped":0,"pct":50}}
,"/home/tiagobw/Projetos-Trybe/sd-06-project-recipes-app/src/pages/FoodsDetails.js": {"lines":{"total":111,"covered":27,"skipped":0,"pct":24.32},"functions":{"total":36,"covered":8,"skipped":0,"pct":22.22},"statements":{"total":123,"covered":29,"skipped":0,"pct":23.58},"branches":{"total":24,"covered":1,"skipped":0,"pct":4.17}}
,"/home/tiagobw/Projetos-Trybe/sd-06-project-recipes-app/src/pages/FoodsRecipesInProgress.js": {"lines":{"total":150,"covered":2,"skipped":0,"pct":1.33},"functions":{"total":35,"covered":0,"skipped":0,"pct":0},"statements":{"total":155,"covered":2,"skipped":0,"pct":1.29},"branches":{"total":38,"covered":0,"skipped":0,"pct":0}}
,"/home/tiagobw/Projetos-Trybe/sd-06-project-recipes-app/src/pages/Login.js": {"lines":{"total":32,"covered":20,"skipped":0,"pct":62.5},"functions":{"total":7,"covered":5,"skipped":0,"pct":71.43},"statements":{"total":33,"covered":21,"skipped":0,"pct":63.64},"branches":{"total":6,"covered":5,"skipped":0,"pct":83.33}}
,"/home/tiagobw/Projetos-Trybe/sd-06-project-recipes-app/src/pages/Profile.js": {"lines":{"total":12,"covered":12,"skipped":0,"pct":100},"functions":{"total":6,"covered":6,"skipped":0,"pct":100},"statements":{"total":13,"covered":13,"skipped":0,"pct":100},"branches":{"total":2,"covered":1,"skipped":0,"pct":50}}
,"/home/tiagobw/Projetos-Trybe/sd-06-project-recipes-app/src/reducers/menu.js": {"lines":{"total":7,"covered":4,"skipped":0,"pct":57.14},"functions":{"total":1,"covered":1,"skipped":0,"pct":100},"statements":{"total":7,"covered":4,"skipped":0,"pct":57.14},"branches":{"total":6,"covered":3,"skipped":0,"pct":50}}
,"/home/tiagobw/Projetos-Trybe/sd-06-project-recipes-app/src/reducers/user.js": {"lines":{"total":4,"covered":3,"skipped":0,"pct":75},"functions":{"total":1,"covered":1,"skipped":0,"pct":100},"statements":{"total":4,"covered":3,"skipped":0,"pct":75},"branches":{"total":3,"covered":2,"skipped":0,"pct":66.67}}
,"/home/tiagobw/Projetos-Trybe/sd-06-project-recipes-app/src/services/renderWithRouter.js": {"lines":{"total":3,"covered":3,"skipped":0,"pct":100},"functions":{"total":1,"covered":1,"skipped":0,"pct":100},"statements":{"total":3,"covered":3,"skipped":0,"pct":100},"branches":{"total":0,"covered":0,"skipped":0,"pct":100}}
}
